<?xml version="1.0" encoding="UTF-8"?>
<testng-results skipped="0" failed="0" ignored="0" total="1" passed="1">
  <reporter-output>
  </reporter-output>
  <suite name="Default suite" duration-ms="80794" started-at="2020-04-22T07:29:17Z" finished-at="2020-04-22T07:30:37Z">
    <groups>
    </groups>
    <test name="Default test" duration-ms="80794" started-at="2020-04-22T07:29:17Z" finished-at="2020-04-22T07:30:37Z">
      <class name="Driver.BrokenImg">
        <test-method status="PASS" signature="setUp()[pri:0, instance:Driver.BrokenImg@6a41eaa2]" name="setUp" is-config="true" duration-ms="20541" started-at="2020-04-22T07:29:17Z" finished-at="2020-04-22T07:29:37Z">
          <reporter-output>
          </reporter-output>
        </test-method> <!-- setUp -->
        <test-method status="PASS" signature="validateInvalidImages()[pri:0, instance:Driver.BrokenImg@6a41eaa2]" name="validateInvalidImages" duration-ms="59388" started-at="2020-04-22T07:29:37Z" finished-at="2020-04-22T07:30:36Z">
          <reporter-output>
          </reporter-output>
        </test-method> <!-- validateInvalidImages -->
        <test-method status="PASS" signature="tearDown()[pri:0, instance:Driver.BrokenImg@6a41eaa2]" name="tearDown" is-config="true" duration-ms="836" started-at="2020-04-22T07:30:36Z" finished-at="2020-04-22T07:30:37Z">
          <reporter-output>
          </reporter-output>
        </test-method> <!-- tearDown -->
      </class> <!-- Driver.BrokenImg -->
    </test> <!-- Default test -->
  </suite> <!-- Default suite -->
</testng-results>
